<?xml version="1.0" encoding="UTF-8"?>
<testng-results ignored="0" total="1" passed="1" failed="0" skipped="0">
  <reporter-output>
  </reporter-output>
  <suite started-at="2024-02-26T10:57:28 IST" name="Suite" finished-at="2024-02-26T10:57:29 IST" duration-ms="138">
    <groups>
    </groups>
    <test started-at="2024-02-26T10:57:28 IST" name="Test" finished-at="2024-02-26T10:57:29 IST" duration-ms="138">
      <class name="com.demo.testcases.Sample">
        <test-method signature="setup()[pri:0, instance:com.demo.testcases.Sample@659499f1]" started-at="2024-02-26T10:57:29 IST" name="setup" finished-at="2024-02-26T10:57:29 IST" duration-ms="13" status="PASS">
          <reporter-output>
          </reporter-output>
        </test-method> <!-- setup -->
      </class> <!-- com.demo.testcases.Sample -->
    </test> <!-- Test -->
  </suite> <!-- Suite -->
</testng-results>
